<?xml version="1.0" encoding="UTF-8"?>
<!-- Generated by org.testng.reporters.JUnitReportReporter -->
<testsuite skipped="0" hostname="BMC1100062" name="com.yunsixue.MavenTestNGDemo.AppTest" tests="1" failures="0" timestamp="01 四月 2018 03:25:50 GMT" time="0.023" errors="0">
  <testcase name="mavenTest" time="0.023" classname="com.yunsixue.MavenTestNGDemo.AppTest"/>
</testsuite> <!-- com.yunsixue.MavenTestNGDemo.AppTest -->
